[1mtrue.[0m

['sde1.pro','testData.pro'].


[1mtrue.[0m

table(sample_table,Data),get_table_values_cell([1,3],Data,Contents).


Data = [[["1", "1"], ["2", "1"], ["3", "1"], ["4", "1"]], [["1", "2"], ["2", "2"], ["3", "2"]], [["1", "3"], ["2", "3"]], [["1", "4"]]],
Contents = ["1", "3"].

table(sample_table,Data),get_table_values_cell([4,1],Data,Contents).


Data = [[["1", "1"], ["2", "1"], ["3", "1"], ["4", "1"]], [["1", "2"], ["2", "2"], ["3", "2"]], [["1", "3"], ["2", "3"]], [["1", "4"]]],
Contents = ["4", "1"].

table(sample_table,Data),get_table_values_cell([2,2],Data,Contents).


Data = [[["1", "1"], ["2", "1"], ["3", "1"], ["4", "1"]], [["1", "2"], ["2", "2"], ["3", "2"]], [["1", "3"], ["2", "3"]], [["1", "4"]]],
Contents = ["2", "2"].

table(book_prods,Data),get_table_values_cell([2,4],Data,Contents).


Data = [[["S"], ["A"], ["B", "C"], ["B", "D"], ["C", "E"]], [["C"], ["S", "A"], ["S", "B", "A"], ["B", "C", "E"]], [["C", "A"], ["C", "S", "A"], ["D", "S", "A"|...]], [["A", "S", "B", "C"], ["E", "B", "S"|...]], [["B", "D", "A"|...]]],
Contents = ["E", "B", "S", "C", "D"].

decompositions(2,What).


What = [[1, 1]].

decompositions(4,Who).


Who = [[3, 1], [2, 2], [1, 3]].

decompositions(6,How).


How = [[5, 1], [4, 2], [3, 3], [2, 4], [1, 5]].

decompositions(5,Where).


Where = [[4, 1], [3, 2], [2, 3], [1, 4]].

one_product([],["B","C"],What).


What = [].

one_product(["A","D"],[],Who).


Who = [].

one_product("B",["E","F"],When).


When = ["BE", "BF"].

one_product("B",["C"],How).


How = ["BC"].

cell_products([],[],What).


What = [].

cell_products([],["B"],Who).


Who = [].

cell_products(["B"],[],When).


When = [].

cell_products(["B","C","D"],["B","E","F"],How).


How = ["BB", "BE", "BF", "CB", "CE", "CF", "DB", "DE", "DF"].

productions(book_prods,BookProds),form_row1_cell("d",BookProds,What).


BookProds = [["S", "AC"], ["S", "BD"], ["A", "CD"], ["A", "AD"], ["A", "a"], ["B", "BD"], ["B", "CA"], ["B"|...], [...|...]|...],
What = ["D"].

productions(book_prods,BookProds),form_row1_cell("b",BookProds,What).


BookProds = [["S", "AC"], ["S", "BD"], ["A", "CD"], ["A", "AD"], ["A", "a"], ["B", "BD"], ["B", "CA"], ["B"|...], [...|...]|...],
What = ["B", "C"].

productions(book_prods,BookProds),form_row1_cell("a",BookProds,What).


BookProds = [["S", "AC"], ["S", "BD"], ["A", "CD"], ["A", "AD"], ["A", "a"], ["B", "BD"], ["B", "CA"], ["B"|...], [...|...]|...],
What = ["A", "B"].

productions(book_prods,BookProds),form_row1_cell("e",BookProds,What).


BookProds = [["S", "AC"], ["S", "BD"], ["A", "CD"], ["A", "AD"], ["A", "a"], ["B", "BD"], ["B", "CA"], ["B"|...], [...|...]|...],
What = [].

equivalent(["A","B","C"],["B","C","A"]).


[1mtrue.[0m

equivalent([],[]).


[1mtrue.[0m

equivalent(["A","B","C"],["B","S","C","A"]).


[1;31mfalse.[0m

equivalent([],["A","B","C"]).


[1;31mfalse.[0m

row_equivalent([["AB"],["BC"],[]],[["AB"],["BC"],[]]).


[1mtrue.[0m

row_equivalent([["A","B"],["BC"],[]],[["B","A"],["BC"],[]]).


[1mtrue.[0m

row_equivalent([["A","B"],["BC"],[]],[["B","A"],[],["BC"]]).


[1;31mfalse.[0m

row_equivalent([[],["C"],[]],[["C"],[],[]]).


[1;31mfalse.[0m

table(book1,T1),table(book2,T2),table_equivalent(T1,T2).


T1 = [[["A"], ["B"], ["C", "D"], ["D", "E"]], [["C"], ["S", "AB"], ["S", "B", "A"]], [["S", "BC"], ["CD", "S", "E"]], [["CD", "S", "AB", "E"]]],
T2 = [[["A"], ["B"], ["C", "D"], ["D", "E"]], [["C"], ["S", "AB"], ["S", "B", "A"]], [["S", "BC"], ["E", "S", "CD"]], [["AB", "E", "S", "CD"]]].

table(book1,T1),table(bookbad1,T2),table_equivalent(T1,T2).


[1;31mfalse.[0m

table(book1,T1),table(bookbad2,T2),table_equivalent(T1,T2).


[1;31mfalse.[0m

table(book2,T1),table(bookbad2,T2),table_equivalent(T1,T2).


[1;31mfalse.[0m

table(bookbad2,T1),table(bookbad2,T2),table_equivalent(T1,T2).


T1 = T2, T2 = [[["A"], ["A"], ["B", "C"], ["B", "C"]], [["C"], ["S", "A"], ["S", "B", "A"]], [["C", "A"], ["C", "A"]], [["C", "B", "S", "A"]]].

noprotocol.


